TN:
SF:lib/employee.js
FN:3,Employee
FN:9,printInfo
FNF:2
FNH:1
FNDA:1,Employee
FNDA:0,printInfo
DA:1,1
DA:2,1
DA:3,1
DA:4,1
DA:5,1
DA:6,1
DA:7,1
DA:8,1
DA:9,1
DA:10,0
DA:11,0
DA:12,0
DA:13,0
DA:14,1
DA:15,1
DA:16,1
LF:16
LH:12
BRDA:3,0,0,1
BRF:1
BRH:1
end_of_record
TN:
SF:lib/engineer.js
FN:4,Engineer
FN:9,getRole
FN:13,getGithub
FN:17,<static_initializer>
FNF:4
FNH:1
FNDA:0,Engineer
FNDA:0,getRole
FNDA:0,getGithub
FNDA:1,<static_initializer>
DA:1,1
DA:2,1
DA:3,1
DA:4,1
DA:5,0
DA:6,0
DA:7,0
DA:8,1
DA:9,1
DA:10,0
DA:11,0
DA:12,1
DA:13,1
DA:14,0
DA:15,0
DA:16,1
DA:17,1
DA:18,1
DA:19,1
DA:20,1
DA:21,1
DA:22,1
DA:23,1
DA:24,1
DA:25,1
DA:26,1
DA:27,1
DA:28,1
DA:29,1
DA:30,1
DA:31,1
DA:32,1
DA:33,1
DA:34,1
DA:35,1
DA:36,1
DA:37,1
DA:38,1
DA:39,1
DA:40,1
DA:41,1
LF:41
LH:34
BRDA:17,0,0,1
BRF:1
BRH:1
end_of_record
TN:
SF:lib/intern.js
FN:4,Intern
FN:9,getRole
FN:13,getSchool
FN:17,<static_initializer>
FNF:4
FNH:1
FNDA:0,Intern
FNDA:0,getRole
FNDA:0,getSchool
FNDA:1,<static_initializer>
DA:1,1
DA:2,1
DA:3,1
DA:4,1
DA:5,0
DA:6,0
DA:7,0
DA:8,1
DA:9,1
DA:10,0
DA:11,0
DA:12,1
DA:13,1
DA:14,0
DA:15,0
DA:16,1
DA:17,1
DA:18,1
DA:19,1
DA:20,1
DA:21,1
DA:22,1
DA:23,1
DA:24,1
DA:25,1
DA:26,1
DA:27,1
DA:28,1
DA:29,1
DA:30,1
DA:31,1
DA:32,1
DA:33,1
DA:34,1
DA:35,1
DA:36,1
DA:37,1
DA:38,1
DA:39,1
DA:40,1
DA:41,1
LF:41
LH:34
BRDA:17,0,0,1
BRF:1
BRH:1
end_of_record
TN:
SF:lib/manager.js
FN:4,Manager
FN:9,getRole
FN:13,getOfficeNumber
FN:17,<static_initializer>
FNF:4
FNH:3
FNDA:1,Manager
FNDA:1,getRole
FNDA:0,getOfficeNumber
FNDA:1,<static_initializer>
DA:1,1
DA:2,1
DA:3,1
DA:4,1
DA:5,1
DA:6,1
DA:7,1
DA:8,1
DA:9,1
DA:10,1
DA:11,1
DA:12,1
DA:13,1
DA:14,0
DA:15,0
DA:16,1
DA:17,1
DA:18,1
DA:19,1
DA:20,1
DA:21,1
DA:22,1
DA:23,1
DA:24,1
DA:25,1
DA:26,1
DA:27,1
DA:28,1
DA:29,1
DA:30,1
DA:31,1
DA:32,1
DA:33,1
DA:34,1
DA:35,1
DA:36,1
DA:37,1
DA:38,1
DA:39,1
DA:40,1
DA:41,1
LF:41
LH:39
BRDA:4,0,0,1
BRDA:9,1,0,1
BRDA:17,2,0,1
BRF:3
BRH:3
end_of_record
